2011/07/03 15:56:15 [error] [php] include(SELF.php) [<a href='function.include'>function.include</a>]: failed to open stream: No such file or directory (C:\wamp\framework\YiiBase.php:421)
Stack trace:
#0 C:\wamp\www\legive\protected\models\BookSpecies.php(63): spl_autoload_call()
#1 C:\wamp\framework\db\ar\CActiveRecord.php(2301): BookSpecies->relations()
#2 C:\wamp\framework\db\ar\CActiveRecord.php(372): CActiveRecordMetaData->__construct()
#3 C:\wamp\framework\gii\generators\crud\CrudCode.php(66): model()
#4 C:\wamp\framework\validators\CInlineValidator.php(39): CrudCode->validateModel()
#5 C:\wamp\framework\validators\CValidator.php(192): CInlineValidator->validateAttribute()
#6 C:\wamp\framework\base\CModel.php(152): CInlineValidator->validate()
#7 C:\wamp\framework\gii\CCodeGenerator.php(155): CrudCode->validate()
#8 C:\wamp\framework\gii\CCodeGenerator.php(61): CrudGenerator->prepare()
#9 C:\wamp\framework\web\actions\CInlineAction.php(50): CrudGenerator->actionIndex()
#10 C:\wamp\framework\web\CController.php(300): CInlineAction->runWithParams()
#11 C:\wamp\framework\web\CController.php(278): CrudGenerator->runAction()
#12 C:\wamp\framework\web\CController.php(257): CrudGenerator->runActionWithFilters()
#13 C:\wamp\framework\web\CWebApplication.php(277): CrudGenerator->run()
#14 C:\wamp\framework\web\CWebApplication.php(136): CWebApplication->runController()
#15 C:\wamp\framework\base\CApplication.php(158): CWebApplication->processRequest()
#16 C:\wamp\www\legive\index.php(13): CWebApplication->run()
REQUEST_URI=/legive/index.php/gii/crud
in C:\wamp\www\legive\protected\models\BookSpecies.php (63)
in C:\wamp\www\legive\index.php (13)
2011/07/03 16:17:39 [error] [php] Trying to get property of non-object (C:\wamp\www\legive\protected\views\book\_view.php:29)
Stack trace:
#0 C:\wamp\framework\web\CController.php(866): BookController->renderFile()
#1 C:\wamp\framework\zii\widgets\CListView.php(242): BookController->renderPartial()
#2 C:\wamp\framework\zii\widgets\CBaseListView.php(158): CListView->renderItems()
#3 unknown(0): CListView->renderSection()
#4 C:\wamp\framework\zii\widgets\CBaseListView.php(141): preg_replace_callback()
#5 C:\wamp\framework\zii\widgets\CBaseListView.php(126): CListView->renderContent()
#6 C:\wamp\framework\web\CBaseController.php(166): CListView->run()
#7 C:\wamp\www\legive\protected\views\book\index.php(17): BookController->widget()
#8 C:\wamp\framework\web\CBaseController.php(119): require()
#9 C:\wamp\framework\web\CBaseController.php(88): BookController->renderInternal()
#10 C:\wamp\framework\web\CController.php(866): BookController->renderFile()
#11 C:\wamp\framework\web\CController.php(779): BookController->renderPartial()
#12 C:\wamp\www\legive\protected\controllers\BookController.php(133): BookController->render()
#13 C:\wamp\framework\web\actions\CInlineAction.php(50): BookController->actionIndex()
#14 C:\wamp\framework\web\CController.php(300): CInlineAction->runWithParams()
#15 C:\wamp\framework\web\filters\CFilterChain.php(134): BookController->runAction()
#16 C:\wamp\framework\web\filters\CFilter.php(41): CFilterChain->run()
#17 C:\wamp\framework\web\CController.php(1144): CAccessControlFilter->filter()
#18 C:\wamp\framework\web\filters\CInlineFilter.php(59): BookController->filterAccessControl()
#19 C:\wamp\framework\web\filters\CFilterChain.php(131): CInlineFilter->filter()
#20 C:\wamp\framework\web\CController.php(283): CFilterChain->run()
#21 C:\wamp\framework\web\CController.php(257): BookController->runActionWithFilters()
#22 C:\wamp\framework\web\CWebApplication.php(277): BookController->run()
#23 C:\wamp\framework\web\CWebApplication.php(136): CWebApplication->runController()
#24 C:\wamp\framework\base\CApplication.php(158): CWebApplication->processRequest()
#25 C:\wamp\www\legive\index.php(13): CWebApplication->run()
REQUEST_URI=/legive/index.php/book/
in C:\wamp\www\legive\protected\views\book\_view.php (29)
in C:\wamp\www\legive\protected\views\book\index.php (17)
in C:\wamp\www\legive\protected\controllers\BookController.php (133)
